

Version:	3.50
CmdLine:	D:\KULIAH\SEMESTER_4\PBO\UAS\Apps\build\tindakLanjutku.exe --l4j-debug
JNI:		No
WOW64:		Yes
Working dir:	D:\KULIAH\SEMESTER_4\PBO\UAS\Apps\build\.
Requires JDK:	Yes
Requires 64-Bit: Yes
Java min ver:	1.008.000
Java max ver:	
Substitute:	JAVA_HOME = C:\Program Files\Java\jdk-23
Substitute:	PATH = C:\Program Files\ImageMagick-7.1.1-Q16-HDRI;;C:\Program Files\Common Files\Oracle\Java\javapath;C:\Program Files (x86)\VMware\VMware Workstation\bin\;C:\Python313\Scripts\;C:\Python313\;C:\Program Files (x86)\Common Files\Intel\Shared Libraries\redist\intel64\compiler;C:\WINDOWS\system32;C:\WINDOWS;C:\WINDOWS\System32\Wbem;C:\WINDOWS\System32\WindowsPowerShell\v1.0\;C:\WINDOWS\System32\OpenSSH\;C:\Program Files\Git\cmd;C:\Users\ASUS VIVO\AppData\Local\Programs\Python\Python312;C:\Users\ASUS VIVO\AppData\Local\Programs\Python\Python312\Scripts;C:\xampp\mysql\bin;C:\ProgramData\chocolatey\bin;C:\Program Files\Java\jdk-23;C:\Program Files\nodejs\;C:\composer;C:\Program Files\gs\gs10.05.1\bin;C:\Users\ASUS VIVO\AppData\Local\Programs\Python\Python312\Scripts\;C:\Users\ASUS VIVO\AppData\Local\Programs\Python\Python312\;C:\Users\ASUS VIVO\AppData\Local\Programs\Python\Launcher\;C:\Users\ASUS VIVO\AppData\Local\Microsoft\WindowsApps;C:\Users\ASUS VIVO\AppData\Local\Programs\Microsoft VS Code\bin;C:\msys64\mingw64\bin;C:\Program Files\nodejs\npm;C:\Program Files\nodejs\npm.cmd;C:\Users\ASUS VIVO\AppData\Roaming\npm;C:\Users\ASUS VIVO\AppData\Roaming\Composer\vendor\bin;C:\xampp\mysql\bin;C:\Program Files\gs\gs10.05.1\bin;C:\Program Files\ImageMagick-7.1.1-Q16-HDRI;C:\xampp2\php;;C:\Program Files\Java\jdk-24\bin
JRE paths:	C:\Program Files\Java\jdk-23;C:\Program Files\ImageMagick-7.1.1-Q16-HDRI;;C:\Program Files\Common Files\Oracle\Java\javapath;C:\Program Files (x86)\VMware\VMware Workstation\bin\;C:\Python313\Scripts\;C:\Python313\;C:\Program Files (x86)\Common Files\Intel\Shared Libraries\redist\intel64\compiler;C:\WINDOWS\system32;C:\WINDOWS;C:\WINDOWS\System32\Wbem;C:\WINDOWS\System32\WindowsPowerShell\v1.0\;C:\WINDOWS\System32\OpenSSH\;C:\Program Files\Git\cmd;C:\Users\ASUS VIVO\AppData\Local\Programs\Python\Python312;C:\Users\ASUS VIVO\AppData\Local\Programs\Python\Python312\Scripts;C:\xampp\mysql\bin;C:\ProgramData\chocolatey\bin;C:\Program Files\Java\jdk-23;C:\Program Files\nodejs\;C:\composer;C:\Program Files\gs\gs10.05.1\bin;C:\Users\ASUS VIVO\AppData\Local\Programs\Python\Python312\Scripts\;C:\Users\ASUS VIVO\AppData\Local\Programs\Python\Python312\;C:\Users\ASUS VIVO\AppData\Local\Programs\Python\Launcher\;C:\Users\ASUS VIVO\AppData\Local\Microsoft\WindowsApps;C:\Users\ASUS VIVO\AppData\Local\Programs\Microsoft VS Code\bin;C:\msys64\mingw64\bin;C:\Program Files\nodejs\npm;C:\Program Files\nodejs\npm.cmd;C:\Users\ASUS VIVO\AppData\Roaming\npm;C:\Users\ASUS VIVO\AppData\Roaming\Composer\vendor\bin;C:\xampp\mysql\bin;C:\Program Files\gs\gs10.05.1\bin;C:\Program Files\ImageMagick-7.1.1-Q16-HDRI;C:\xampp2\php;;C:\Program Files\Java\jdk-24\bin
Check launcher:	C:\Program Files\Java\jdk-23\bin\javaw.exe (not found)
Check launcher:	C:\Program Files\ImageMagick-7.1.1-Q16-HDRI\bin\javaw.exe (not found)
Check launcher:	C:\Program Files\Common Files\Oracle\Java\javapath\bin\javaw.exe (not found)
Check launcher:	C:\Program Files (x86)\VMware\VMware Workstation\bin\bin\javaw.exe (not found)
Check launcher:	C:\Python313\Scripts\bin\javaw.exe (not found)
Check launcher:	C:\Python313\bin\javaw.exe (not found)
Check launcher:	C:\Program Files (x86)\Common Files\Intel\Shared Libraries\redist\intel64\compiler\bin\javaw.exe (not found)
Check launcher:	C:\WINDOWS\system32\bin\javaw.exe (not found)
Check launcher:	C:\WINDOWS\bin\javaw.exe (not found)
Check launcher:	C:\WINDOWS\System32\Wbem\bin\javaw.exe (not found)
Check launcher:	C:\WINDOWS\System32\WindowsPowerShell\v1.0\bin\javaw.exe (not found)
Check launcher:	C:\WINDOWS\System32\OpenSSH\bin\javaw.exe (not found)
Check launcher:	C:\Program Files\Git\cmd\bin\javaw.exe (not found)
Check launcher:	C:\Users\ASUS VIVO\AppData\Local\Programs\Python\Python312\bin\javaw.exe (not found)
Check launcher:	C:\Users\ASUS VIVO\AppData\Local\Programs\Python\Python312\Scripts\bin\javaw.exe (not found)
Check launcher:	C:\xampp\mysql\bin\javaw.exe (not found)
Check launcher:	C:\ProgramData\chocolatey\bin\javaw.exe (not found)
Check launcher:	C:\Program Files\Java\jdk-23\bin\javaw.exe (not found)
Check launcher:	C:\Program Files\nodejs\bin\javaw.exe (not found)
Check launcher:	C:\composer\bin\javaw.exe (not found)
Check launcher:	C:\Program Files\gs\gs10.05.1\bin\javaw.exe (not found)
Check launcher:	C:\Users\ASUS VIVO\AppData\Local\Programs\Python\Python312\Scripts\bin\javaw.exe (not found)
Check launcher:	C:\Users\ASUS VIVO\AppData\Local\Programs\Python\Python312\bin\javaw.exe (not found)
Check launcher:	C:\Users\ASUS VIVO\AppData\Local\Programs\Python\Launcher\bin\javaw.exe (not found)
Check launcher:	C:\Users\ASUS VIVO\AppData\Local\Microsoft\WindowsApps\bin\javaw.exe (not found)
Check launcher:	C:\Users\ASUS VIVO\AppData\Local\Programs\Microsoft VS Code\bin\javaw.exe (not found)
Check launcher:	C:\msys64\mingw64\bin\javaw.exe (not found)
Check launcher:	C:\Program Files\nodejs\npm\bin\javaw.exe (not found)
Check launcher:	C:\Program Files\nodejs\npm.cmd\bin\javaw.exe (not found)
Check launcher:	C:\Users\ASUS VIVO\AppData\Roaming\npm\bin\javaw.exe (not found)
Check launcher:	C:\Users\ASUS VIVO\AppData\Roaming\Composer\vendor\bin\javaw.exe (not found)
Check launcher:	C:\xampp\mysql\bin\javaw.exe (not found)
Check launcher:	C:\Program Files\gs\gs10.05.1\bin\javaw.exe (not found)
Check launcher:	C:\Program Files\ImageMagick-7.1.1-Q16-HDRI\bin\javaw.exe (not found)
Check launcher:	C:\xampp2\php\bin\javaw.exe (not found)
Check launcher:	C:\Program Files\Java\jdk-24\bin\javaw.exe (OK)
Check javac:	C:\Program Files\Java\jdk-24\bin\javac.exe (OK)
Version string: 1.024.000 / 64-Bit (OK)
Main class:	com.mycompany.tindaklanjutku.TindakLanjutKu
Add classpath:	lib\mysql-connector-java-8.0.xx.jar
Add classpath:	.
Launcher:	C:\Program Files\Java\jdk-24\bin\javaw.exe
Launcher args:	-classpath "D:\KULIAH\SEMESTER_4\PBO\UAS\Apps\build\tindakLanjutku.exe;lib\mysql-connector-java-8.0.xx.jar;." com.mycompany.tindaklanjutku.TindakLanjutKu
Args length:	153/32768 chars
Exit code:	0


Version:	3.50
CmdLine:	D:\KULIAH\SEMESTER_4\PBO\UAS\Apps\build\tindakLanjutku.exe --l4j-debug
JNI:		No
WOW64:		Yes
Working dir:	D:\KULIAH\SEMESTER_4\PBO\UAS\Apps\build\.
Requires JDK:	Yes
Requires 64-Bit: Yes
Java min ver:	1.008.000
Java max ver:	
Substitute:	JAVA_HOME = C:\Program Files\Java\jdk-23
Substitute:	PATH = C:\Program Files\ImageMagick-7.1.1-Q16-HDRI;;C:\Program Files\Common Files\Oracle\Java\javapath;C:\Program Files (x86)\VMware\VMware Workstation\bin\;C:\Python313\Scripts\;C:\Python313\;C:\Program Files (x86)\Common Files\Intel\Shared Libraries\redist\intel64\compiler;C:\WINDOWS\system32;C:\WINDOWS;C:\WINDOWS\System32\Wbem;C:\WINDOWS\System32\WindowsPowerShell\v1.0\;C:\WINDOWS\System32\OpenSSH\;C:\Program Files\Git\cmd;C:\Users\ASUS VIVO\AppData\Local\Programs\Python\Python312;C:\Users\ASUS VIVO\AppData\Local\Programs\Python\Python312\Scripts;C:\xampp\mysql\bin;C:\ProgramData\chocolatey\bin;C:\Program Files\Java\jdk-23;C:\Program Files\nodejs\;C:\composer;C:\Program Files\gs\gs10.05.1\bin;C:\Users\ASUS VIVO\AppData\Local\Programs\Python\Python312\Scripts\;C:\Users\ASUS VIVO\AppData\Local\Programs\Python\Python312\;C:\Users\ASUS VIVO\AppData\Local\Programs\Python\Launcher\;C:\Users\ASUS VIVO\AppData\Local\Microsoft\WindowsApps;C:\Users\ASUS VIVO\AppData\Local\Programs\Microsoft VS Code\bin;C:\msys64\mingw64\bin;C:\Program Files\nodejs\npm;C:\Program Files\nodejs\npm.cmd;C:\Users\ASUS VIVO\AppData\Roaming\npm;C:\Users\ASUS VIVO\AppData\Roaming\Composer\vendor\bin;C:\xampp\mysql\bin;C:\Program Files\gs\gs10.05.1\bin;C:\Program Files\ImageMagick-7.1.1-Q16-HDRI;C:\xampp2\php;;C:\Program Files\Java\jdk-24\bin
JRE paths:	C:\Program Files\Java\jdk-23;C:\Program Files\ImageMagick-7.1.1-Q16-HDRI;;C:\Program Files\Common Files\Oracle\Java\javapath;C:\Program Files (x86)\VMware\VMware Workstation\bin\;C:\Python313\Scripts\;C:\Python313\;C:\Program Files (x86)\Common Files\Intel\Shared Libraries\redist\intel64\compiler;C:\WINDOWS\system32;C:\WINDOWS;C:\WINDOWS\System32\Wbem;C:\WINDOWS\System32\WindowsPowerShell\v1.0\;C:\WINDOWS\System32\OpenSSH\;C:\Program Files\Git\cmd;C:\Users\ASUS VIVO\AppData\Local\Programs\Python\Python312;C:\Users\ASUS VIVO\AppData\Local\Programs\Python\Python312\Scripts;C:\xampp\mysql\bin;C:\ProgramData\chocolatey\bin;C:\Program Files\Java\jdk-23;C:\Program Files\nodejs\;C:\composer;C:\Program Files\gs\gs10.05.1\bin;C:\Users\ASUS VIVO\AppData\Local\Programs\Python\Python312\Scripts\;C:\Users\ASUS VIVO\AppData\Local\Programs\Python\Python312\;C:\Users\ASUS VIVO\AppData\Local\Programs\Python\Launcher\;C:\Users\ASUS VIVO\AppData\Local\Microsoft\WindowsApps;C:\Users\ASUS VIVO\AppData\Local\Programs\Microsoft VS Code\bin;C:\msys64\mingw64\bin;C:\Program Files\nodejs\npm;C:\Program Files\nodejs\npm.cmd;C:\Users\ASUS VIVO\AppData\Roaming\npm;C:\Users\ASUS VIVO\AppData\Roaming\Composer\vendor\bin;C:\xampp\mysql\bin;C:\Program Files\gs\gs10.05.1\bin;C:\Program Files\ImageMagick-7.1.1-Q16-HDRI;C:\xampp2\php;;C:\Program Files\Java\jdk-24\bin
Check launcher:	C:\Program Files\Java\jdk-23\bin\javaw.exe (not found)
Check launcher:	C:\Program Files\ImageMagick-7.1.1-Q16-HDRI\bin\javaw.exe (not found)
Check launcher:	C:\Program Files\Common Files\Oracle\Java\javapath\bin\javaw.exe (not found)
Check launcher:	C:\Program Files (x86)\VMware\VMware Workstation\bin\bin\javaw.exe (not found)
Check launcher:	C:\Python313\Scripts\bin\javaw.exe (not found)
Check launcher:	C:\Python313\bin\javaw.exe (not found)
Check launcher:	C:\Program Files (x86)\Common Files\Intel\Shared Libraries\redist\intel64\compiler\bin\javaw.exe (not found)
Check launcher:	C:\WINDOWS\system32\bin\javaw.exe (not found)
Check launcher:	C:\WINDOWS\bin\javaw.exe (not found)
Check launcher:	C:\WINDOWS\System32\Wbem\bin\javaw.exe (not found)
Check launcher:	C:\WINDOWS\System32\WindowsPowerShell\v1.0\bin\javaw.exe (not found)
Check launcher:	C:\WINDOWS\System32\OpenSSH\bin\javaw.exe (not found)
Check launcher:	C:\Program Files\Git\cmd\bin\javaw.exe (not found)
Check launcher:	C:\Users\ASUS VIVO\AppData\Local\Programs\Python\Python312\bin\javaw.exe (not found)
Check launcher:	C:\Users\ASUS VIVO\AppData\Local\Programs\Python\Python312\Scripts\bin\javaw.exe (not found)
Check launcher:	C:\xampp\mysql\bin\javaw.exe (not found)
Check launcher:	C:\ProgramData\chocolatey\bin\javaw.exe (not found)
Check launcher:	C:\Program Files\Java\jdk-23\bin\javaw.exe (not found)
Check launcher:	C:\Program Files\nodejs\bin\javaw.exe (not found)
Check launcher:	C:\composer\bin\javaw.exe (not found)
Check launcher:	C:\Program Files\gs\gs10.05.1\bin\javaw.exe (not found)
Check launcher:	C:\Users\ASUS VIVO\AppData\Local\Programs\Python\Python312\Scripts\bin\javaw.exe (not found)
Check launcher:	C:\Users\ASUS VIVO\AppData\Local\Programs\Python\Python312\bin\javaw.exe (not found)
Check launcher:	C:\Users\ASUS VIVO\AppData\Local\Programs\Python\Launcher\bin\javaw.exe (not found)
Check launcher:	C:\Users\ASUS VIVO\AppData\Local\Microsoft\WindowsApps\bin\javaw.exe (not found)
Check launcher:	C:\Users\ASUS VIVO\AppData\Local\Programs\Microsoft VS Code\bin\javaw.exe (not found)
Check launcher:	C:\msys64\mingw64\bin\javaw.exe (not found)
Check launcher:	C:\Program Files\nodejs\npm\bin\javaw.exe (not found)
Check launcher:	C:\Program Files\nodejs\npm.cmd\bin\javaw.exe (not found)
Check launcher:	C:\Users\ASUS VIVO\AppData\Roaming\npm\bin\javaw.exe (not found)
Check launcher:	C:\Users\ASUS VIVO\AppData\Roaming\Composer\vendor\bin\javaw.exe (not found)
Check launcher:	C:\xampp\mysql\bin\javaw.exe (not found)
Check launcher:	C:\Program Files\gs\gs10.05.1\bin\javaw.exe (not found)
Check launcher:	C:\Program Files\ImageMagick-7.1.1-Q16-HDRI\bin\javaw.exe (not found)
Check launcher:	C:\xampp2\php\bin\javaw.exe (not found)
Check launcher:	C:\Program Files\Java\jdk-24\bin\javaw.exe (OK)
Check javac:	C:\Program Files\Java\jdk-24\bin\javac.exe (OK)
Version string: 1.024.000 / 64-Bit (OK)
Main class:	com.mycompany.tindaklanjutku.TindakLanjutKu
Add classpath:	lib\mysql-connector-java-8.0.xx.jar
Add classpath:	.
Launcher:	C:\Program Files\Java\jdk-24\bin\javaw.exe
Launcher args:	-classpath "D:\KULIAH\SEMESTER_4\PBO\UAS\Apps\build\tindakLanjutku.exe;lib\mysql-connector-java-8.0.xx.jar;." com.mycompany.tindaklanjutku.TindakLanjutKu
Args length:	153/32768 chars
Exit code:	0


Version:	3.50
CmdLine:	D:\KULIAH\SEMESTER_4\PBO\UAS\Apps\build\tindakLanjutku.exe --l4j-debug
JNI:		No
WOW64:		Yes
Working dir:	D:\KULIAH\SEMESTER_4\PBO\UAS\Apps\build\.
Requires JDK:	Yes
Requires 64-Bit: Yes
Java min ver:	1.008.000
Java max ver:	
Substitute:	JAVA_HOME = C:\Program Files\Java\jdk-23
Substitute:	PATH = C:\Program Files\ImageMagick-7.1.1-Q16-HDRI;;C:\Program Files\Common Files\Oracle\Java\javapath;C:\Program Files (x86)\VMware\VMware Workstation\bin\;C:\Python313\Scripts\;C:\Python313\;C:\Program Files (x86)\Common Files\Intel\Shared Libraries\redist\intel64\compiler;C:\WINDOWS\system32;C:\WINDOWS;C:\WINDOWS\System32\Wbem;C:\WINDOWS\System32\WindowsPowerShell\v1.0\;C:\WINDOWS\System32\OpenSSH\;C:\Program Files\Git\cmd;C:\Users\ASUS VIVO\AppData\Local\Programs\Python\Python312;C:\Users\ASUS VIVO\AppData\Local\Programs\Python\Python312\Scripts;C:\xampp\mysql\bin;C:\ProgramData\chocolatey\bin;C:\Program Files\Java\jdk-23;C:\Program Files\nodejs\;C:\composer;C:\Program Files\gs\gs10.05.1\bin;C:\Users\ASUS VIVO\AppData\Local\Programs\Python\Python312\Scripts\;C:\Users\ASUS VIVO\AppData\Local\Programs\Python\Python312\;C:\Users\ASUS VIVO\AppData\Local\Programs\Python\Launcher\;C:\Users\ASUS VIVO\AppData\Local\Microsoft\WindowsApps;C:\Users\ASUS VIVO\AppData\Local\Programs\Microsoft VS Code\bin;C:\msys64\mingw64\bin;C:\Program Files\nodejs\npm;C:\Program Files\nodejs\npm.cmd;C:\Users\ASUS VIVO\AppData\Roaming\npm;C:\Users\ASUS VIVO\AppData\Roaming\Composer\vendor\bin;C:\xampp\mysql\bin;C:\Program Files\gs\gs10.05.1\bin;C:\Program Files\ImageMagick-7.1.1-Q16-HDRI;C:\xampp2\php;;C:\Program Files\Java\jdk-24\bin
JRE paths:	C:\Program Files\Java\jdk-23;C:\Program Files\ImageMagick-7.1.1-Q16-HDRI;;C:\Program Files\Common Files\Oracle\Java\javapath;C:\Program Files (x86)\VMware\VMware Workstation\bin\;C:\Python313\Scripts\;C:\Python313\;C:\Program Files (x86)\Common Files\Intel\Shared Libraries\redist\intel64\compiler;C:\WINDOWS\system32;C:\WINDOWS;C:\WINDOWS\System32\Wbem;C:\WINDOWS\System32\WindowsPowerShell\v1.0\;C:\WINDOWS\System32\OpenSSH\;C:\Program Files\Git\cmd;C:\Users\ASUS VIVO\AppData\Local\Programs\Python\Python312;C:\Users\ASUS VIVO\AppData\Local\Programs\Python\Python312\Scripts;C:\xampp\mysql\bin;C:\ProgramData\chocolatey\bin;C:\Program Files\Java\jdk-23;C:\Program Files\nodejs\;C:\composer;C:\Program Files\gs\gs10.05.1\bin;C:\Users\ASUS VIVO\AppData\Local\Programs\Python\Python312\Scripts\;C:\Users\ASUS VIVO\AppData\Local\Programs\Python\Python312\;C:\Users\ASUS VIVO\AppData\Local\Programs\Python\Launcher\;C:\Users\ASUS VIVO\AppData\Local\Microsoft\WindowsApps;C:\Users\ASUS VIVO\AppData\Local\Programs\Microsoft VS Code\bin;C:\msys64\mingw64\bin;C:\Program Files\nodejs\npm;C:\Program Files\nodejs\npm.cmd;C:\Users\ASUS VIVO\AppData\Roaming\npm;C:\Users\ASUS VIVO\AppData\Roaming\Composer\vendor\bin;C:\xampp\mysql\bin;C:\Program Files\gs\gs10.05.1\bin;C:\Program Files\ImageMagick-7.1.1-Q16-HDRI;C:\xampp2\php;;C:\Program Files\Java\jdk-24\bin
Check launcher:	C:\Program Files\Java\jdk-23\bin\javaw.exe (not found)
Check launcher:	C:\Program Files\ImageMagick-7.1.1-Q16-HDRI\bin\javaw.exe (not found)
Check launcher:	C:\Program Files\Common Files\Oracle\Java\javapath\bin\javaw.exe (not found)
Check launcher:	C:\Program Files (x86)\VMware\VMware Workstation\bin\bin\javaw.exe (not found)
Check launcher:	C:\Python313\Scripts\bin\javaw.exe (not found)
Check launcher:	C:\Python313\bin\javaw.exe (not found)
Check launcher:	C:\Program Files (x86)\Common Files\Intel\Shared Libraries\redist\intel64\compiler\bin\javaw.exe (not found)
Check launcher:	C:\WINDOWS\system32\bin\javaw.exe (not found)
Check launcher:	C:\WINDOWS\bin\javaw.exe (not found)
Check launcher:	C:\WINDOWS\System32\Wbem\bin\javaw.exe (not found)
Check launcher:	C:\WINDOWS\System32\WindowsPowerShell\v1.0\bin\javaw.exe (not found)
Check launcher:	C:\WINDOWS\System32\OpenSSH\bin\javaw.exe (not found)
Check launcher:	C:\Program Files\Git\cmd\bin\javaw.exe (not found)
Check launcher:	C:\Users\ASUS VIVO\AppData\Local\Programs\Python\Python312\bin\javaw.exe (not found)
Check launcher:	C:\Users\ASUS VIVO\AppData\Local\Programs\Python\Python312\Scripts\bin\javaw.exe (not found)
Check launcher:	C:\xampp\mysql\bin\javaw.exe (not found)
Check launcher:	C:\ProgramData\chocolatey\bin\javaw.exe (not found)
Check launcher:	C:\Program Files\Java\jdk-23\bin\javaw.exe (not found)
Check launcher:	C:\Program Files\nodejs\bin\javaw.exe (not found)
Check launcher:	C:\composer\bin\javaw.exe (not found)
Check launcher:	C:\Program Files\gs\gs10.05.1\bin\javaw.exe (not found)
Check launcher:	C:\Users\ASUS VIVO\AppData\Local\Programs\Python\Python312\Scripts\bin\javaw.exe (not found)
Check launcher:	C:\Users\ASUS VIVO\AppData\Local\Programs\Python\Python312\bin\javaw.exe (not found)
Check launcher:	C:\Users\ASUS VIVO\AppData\Local\Programs\Python\Launcher\bin\javaw.exe (not found)
Check launcher:	C:\Users\ASUS VIVO\AppData\Local\Microsoft\WindowsApps\bin\javaw.exe (not found)
Check launcher:	C:\Users\ASUS VIVO\AppData\Local\Programs\Microsoft VS Code\bin\javaw.exe (not found)
Check launcher:	C:\msys64\mingw64\bin\javaw.exe (not found)
Check launcher:	C:\Program Files\nodejs\npm\bin\javaw.exe (not found)
Check launcher:	C:\Program Files\nodejs\npm.cmd\bin\javaw.exe (not found)
Check launcher:	C:\Users\ASUS VIVO\AppData\Roaming\npm\bin\javaw.exe (not found)
Check launcher:	C:\Users\ASUS VIVO\AppData\Roaming\Composer\vendor\bin\javaw.exe (not found)
Check launcher:	C:\xampp\mysql\bin\javaw.exe (not found)
Check launcher:	C:\Program Files\gs\gs10.05.1\bin\javaw.exe (not found)
Check launcher:	C:\Program Files\ImageMagick-7.1.1-Q16-HDRI\bin\javaw.exe (not found)
Check launcher:	C:\xampp2\php\bin\javaw.exe (not found)
Check launcher:	C:\Program Files\Java\jdk-24\bin\javaw.exe (OK)
Check javac:	C:\Program Files\Java\jdk-24\bin\javac.exe (OK)
Version string: 1.024.000 / 64-Bit (OK)
Main class:	com.mycompany.tindaklanjutku.TindakLanjutKu
Add classpath:	lib\mysql-connector-j-9.2.0.jar
Add classpath:	.
Launcher:	C:\Program Files\Java\jdk-24\bin\javaw.exe
Launcher args:	-classpath "D:\KULIAH\SEMESTER_4\PBO\UAS\Apps\build\tindakLanjutku.exe;lib\mysql-connector-j-9.2.0.jar;." com.mycompany.tindaklanjutku.TindakLanjutKu
Args length:	149/32768 chars
Exit code:	0


Version:	3.50
CmdLine:	D:\KULIAH\SEMESTER_4\PBO\UAS\Apps\build\tindakLanjutku.exe --l4j-debug
JNI:		No
WOW64:		Yes
Working dir:	D:\KULIAH\SEMESTER_4\PBO\UAS\Apps\build\.
Requires JDK:	Yes
Requires 64-Bit: Yes
Java min ver:	1.008.000
Java max ver:	
Substitute:	JAVA_HOME = C:\Program Files\Java\jdk-23
Substitute:	PATH = C:\Program Files\ImageMagick-7.1.1-Q16-HDRI;;C:\Program Files\Common Files\Oracle\Java\javapath;C:\Program Files (x86)\VMware\VMware Workstation\bin\;C:\Python313\Scripts\;C:\Python313\;C:\Program Files (x86)\Common Files\Intel\Shared Libraries\redist\intel64\compiler;C:\WINDOWS\system32;C:\WINDOWS;C:\WINDOWS\System32\Wbem;C:\WINDOWS\System32\WindowsPowerShell\v1.0\;C:\WINDOWS\System32\OpenSSH\;C:\Program Files\Git\cmd;C:\Users\ASUS VIVO\AppData\Local\Programs\Python\Python312;C:\Users\ASUS VIVO\AppData\Local\Programs\Python\Python312\Scripts;C:\xampp\mysql\bin;C:\ProgramData\chocolatey\bin;C:\Program Files\Java\jdk-23;C:\Program Files\nodejs\;C:\composer;C:\Program Files\gs\gs10.05.1\bin;C:\Users\ASUS VIVO\AppData\Local\Programs\Python\Python312\Scripts\;C:\Users\ASUS VIVO\AppData\Local\Programs\Python\Python312\;C:\Users\ASUS VIVO\AppData\Local\Programs\Python\Launcher\;C:\Users\ASUS VIVO\AppData\Local\Microsoft\WindowsApps;C:\Users\ASUS VIVO\AppData\Local\Programs\Microsoft VS Code\bin;C:\msys64\mingw64\bin;C:\Program Files\nodejs\npm;C:\Program Files\nodejs\npm.cmd;C:\Users\ASUS VIVO\AppData\Roaming\npm;C:\Users\ASUS VIVO\AppData\Roaming\Composer\vendor\bin;C:\xampp\mysql\bin;C:\Program Files\gs\gs10.05.1\bin;C:\Program Files\ImageMagick-7.1.1-Q16-HDRI;C:\xampp2\php;;C:\Program Files\Java\jdk-24\bin
JRE paths:	C:\Program Files\Java\jdk-23;C:\Program Files\ImageMagick-7.1.1-Q16-HDRI;;C:\Program Files\Common Files\Oracle\Java\javapath;C:\Program Files (x86)\VMware\VMware Workstation\bin\;C:\Python313\Scripts\;C:\Python313\;C:\Program Files (x86)\Common Files\Intel\Shared Libraries\redist\intel64\compiler;C:\WINDOWS\system32;C:\WINDOWS;C:\WINDOWS\System32\Wbem;C:\WINDOWS\System32\WindowsPowerShell\v1.0\;C:\WINDOWS\System32\OpenSSH\;C:\Program Files\Git\cmd;C:\Users\ASUS VIVO\AppData\Local\Programs\Python\Python312;C:\Users\ASUS VIVO\AppData\Local\Programs\Python\Python312\Scripts;C:\xampp\mysql\bin;C:\ProgramData\chocolatey\bin;C:\Program Files\Java\jdk-23;C:\Program Files\nodejs\;C:\composer;C:\Program Files\gs\gs10.05.1\bin;C:\Users\ASUS VIVO\AppData\Local\Programs\Python\Python312\Scripts\;C:\Users\ASUS VIVO\AppData\Local\Programs\Python\Python312\;C:\Users\ASUS VIVO\AppData\Local\Programs\Python\Launcher\;C:\Users\ASUS VIVO\AppData\Local\Microsoft\WindowsApps;C:\Users\ASUS VIVO\AppData\Local\Programs\Microsoft VS Code\bin;C:\msys64\mingw64\bin;C:\Program Files\nodejs\npm;C:\Program Files\nodejs\npm.cmd;C:\Users\ASUS VIVO\AppData\Roaming\npm;C:\Users\ASUS VIVO\AppData\Roaming\Composer\vendor\bin;C:\xampp\mysql\bin;C:\Program Files\gs\gs10.05.1\bin;C:\Program Files\ImageMagick-7.1.1-Q16-HDRI;C:\xampp2\php;;C:\Program Files\Java\jdk-24\bin
Check launcher:	C:\Program Files\Java\jdk-23\bin\javaw.exe (not found)
Check launcher:	C:\Program Files\ImageMagick-7.1.1-Q16-HDRI\bin\javaw.exe (not found)
Check launcher:	C:\Program Files\Common Files\Oracle\Java\javapath\bin\javaw.exe (not found)
Check launcher:	C:\Program Files (x86)\VMware\VMware Workstation\bin\bin\javaw.exe (not found)
Check launcher:	C:\Python313\Scripts\bin\javaw.exe (not found)
Check launcher:	C:\Python313\bin\javaw.exe (not found)
Check launcher:	C:\Program Files (x86)\Common Files\Intel\Shared Libraries\redist\intel64\compiler\bin\javaw.exe (not found)
Check launcher:	C:\WINDOWS\system32\bin\javaw.exe (not found)
Check launcher:	C:\WINDOWS\bin\javaw.exe (not found)
Check launcher:	C:\WINDOWS\System32\Wbem\bin\javaw.exe (not found)
Check launcher:	C:\WINDOWS\System32\WindowsPowerShell\v1.0\bin\javaw.exe (not found)
Check launcher:	C:\WINDOWS\System32\OpenSSH\bin\javaw.exe (not found)
Check launcher:	C:\Program Files\Git\cmd\bin\javaw.exe (not found)
Check launcher:	C:\Users\ASUS VIVO\AppData\Local\Programs\Python\Python312\bin\javaw.exe (not found)
Check launcher:	C:\Users\ASUS VIVO\AppData\Local\Programs\Python\Python312\Scripts\bin\javaw.exe (not found)
Check launcher:	C:\xampp\mysql\bin\javaw.exe (not found)
Check launcher:	C:\ProgramData\chocolatey\bin\javaw.exe (not found)
Check launcher:	C:\Program Files\Java\jdk-23\bin\javaw.exe (not found)
Check launcher:	C:\Program Files\nodejs\bin\javaw.exe (not found)
Check launcher:	C:\composer\bin\javaw.exe (not found)
Check launcher:	C:\Program Files\gs\gs10.05.1\bin\javaw.exe (not found)
Check launcher:	C:\Users\ASUS VIVO\AppData\Local\Programs\Python\Python312\Scripts\bin\javaw.exe (not found)
Check launcher:	C:\Users\ASUS VIVO\AppData\Local\Programs\Python\Python312\bin\javaw.exe (not found)
Check launcher:	C:\Users\ASUS VIVO\AppData\Local\Programs\Python\Launcher\bin\javaw.exe (not found)
Check launcher:	C:\Users\ASUS VIVO\AppData\Local\Microsoft\WindowsApps\bin\javaw.exe (not found)
Check launcher:	C:\Users\ASUS VIVO\AppData\Local\Programs\Microsoft VS Code\bin\javaw.exe (not found)
Check launcher:	C:\msys64\mingw64\bin\javaw.exe (not found)
Check launcher:	C:\Program Files\nodejs\npm\bin\javaw.exe (not found)
Check launcher:	C:\Program Files\nodejs\npm.cmd\bin\javaw.exe (not found)
Check launcher:	C:\Users\ASUS VIVO\AppData\Roaming\npm\bin\javaw.exe (not found)
Check launcher:	C:\Users\ASUS VIVO\AppData\Roaming\Composer\vendor\bin\javaw.exe (not found)
Check launcher:	C:\xampp\mysql\bin\javaw.exe (not found)
Check launcher:	C:\Program Files\gs\gs10.05.1\bin\javaw.exe (not found)
Check launcher:	C:\Program Files\ImageMagick-7.1.1-Q16-HDRI\bin\javaw.exe (not found)
Check launcher:	C:\xampp2\php\bin\javaw.exe (not found)
Check launcher:	C:\Program Files\Java\jdk-24\bin\javaw.exe (OK)
Check javac:	C:\Program Files\Java\jdk-24\bin\javac.exe (OK)
Version string: 1.024.000 / 64-Bit (OK)
Main class:	com.mycompany.tindaklanjutku.TindakLanjutKu
Add classpath:	lib\mysql-connector-j-9.2.0.jar
Add classpath:	.
Launcher:	C:\Program Files\Java\jdk-24\bin\javaw.exe
Launcher args:	-classpath "D:\KULIAH\SEMESTER_4\PBO\UAS\Apps\build\tindakLanjutku.exe;lib\mysql-connector-j-9.2.0.jar;." com.mycompany.tindaklanjutku.TindakLanjutKu
Args length:	149/32768 chars
Exit code:	0


Version:	3.50
CmdLine:	D:\KULIAH\SEMESTER_4\PBO\UAS\Apps\build\tindakLanjutku.exe --l4j-debug
JNI:		No
WOW64:		Yes
Working dir:	D:\KULIAH\SEMESTER_4\PBO\UAS\Apps\build\.
Requires JDK:	Yes
Requires 64-Bit: Yes
Java min ver:	1.008.000
Java max ver:	
Substitute:	JAVA_HOME = C:\Program Files\Java\jdk-23
Substitute:	PATH = C:\Program Files\ImageMagick-7.1.1-Q16-HDRI;;C:\Program Files\Common Files\Oracle\Java\javapath;C:\Program Files (x86)\VMware\VMware Workstation\bin\;C:\Python313\Scripts\;C:\Python313\;C:\Program Files (x86)\Common Files\Intel\Shared Libraries\redist\intel64\compiler;C:\WINDOWS\system32;C:\WINDOWS;C:\WINDOWS\System32\Wbem;C:\WINDOWS\System32\WindowsPowerShell\v1.0\;C:\WINDOWS\System32\OpenSSH\;C:\Program Files\Git\cmd;C:\Users\ASUS VIVO\AppData\Local\Programs\Python\Python312;C:\Users\ASUS VIVO\AppData\Local\Programs\Python\Python312\Scripts;C:\xampp\mysql\bin;C:\ProgramData\chocolatey\bin;C:\Program Files\Java\jdk-23;C:\Program Files\nodejs\;C:\composer;C:\Program Files\gs\gs10.05.1\bin;C:\Users\ASUS VIVO\AppData\Local\Programs\Python\Python312\Scripts\;C:\Users\ASUS VIVO\AppData\Local\Programs\Python\Python312\;C:\Users\ASUS VIVO\AppData\Local\Programs\Python\Launcher\;C:\Users\ASUS VIVO\AppData\Local\Microsoft\WindowsApps;C:\Users\ASUS VIVO\AppData\Local\Programs\Microsoft VS Code\bin;C:\msys64\mingw64\bin;C:\Program Files\nodejs\npm;C:\Program Files\nodejs\npm.cmd;C:\Users\ASUS VIVO\AppData\Roaming\npm;C:\Users\ASUS VIVO\AppData\Roaming\Composer\vendor\bin;C:\xampp\mysql\bin;C:\Program Files\gs\gs10.05.1\bin;C:\Program Files\ImageMagick-7.1.1-Q16-HDRI;C:\xampp2\php;;C:\Program Files\Java\jdk-24\bin
JRE paths:	C:\Program Files\Java\jdk-23;C:\Program Files\ImageMagick-7.1.1-Q16-HDRI;;C:\Program Files\Common Files\Oracle\Java\javapath;C:\Program Files (x86)\VMware\VMware Workstation\bin\;C:\Python313\Scripts\;C:\Python313\;C:\Program Files (x86)\Common Files\Intel\Shared Libraries\redist\intel64\compiler;C:\WINDOWS\system32;C:\WINDOWS;C:\WINDOWS\System32\Wbem;C:\WINDOWS\System32\WindowsPowerShell\v1.0\;C:\WINDOWS\System32\OpenSSH\;C:\Program Files\Git\cmd;C:\Users\ASUS VIVO\AppData\Local\Programs\Python\Python312;C:\Users\ASUS VIVO\AppData\Local\Programs\Python\Python312\Scripts;C:\xampp\mysql\bin;C:\ProgramData\chocolatey\bin;C:\Program Files\Java\jdk-23;C:\Program Files\nodejs\;C:\composer;C:\Program Files\gs\gs10.05.1\bin;C:\Users\ASUS VIVO\AppData\Local\Programs\Python\Python312\Scripts\;C:\Users\ASUS VIVO\AppData\Local\Programs\Python\Python312\;C:\Users\ASUS VIVO\AppData\Local\Programs\Python\Launcher\;C:\Users\ASUS VIVO\AppData\Local\Microsoft\WindowsApps;C:\Users\ASUS VIVO\AppData\Local\Programs\Microsoft VS Code\bin;C:\msys64\mingw64\bin;C:\Program Files\nodejs\npm;C:\Program Files\nodejs\npm.cmd;C:\Users\ASUS VIVO\AppData\Roaming\npm;C:\Users\ASUS VIVO\AppData\Roaming\Composer\vendor\bin;C:\xampp\mysql\bin;C:\Program Files\gs\gs10.05.1\bin;C:\Program Files\ImageMagick-7.1.1-Q16-HDRI;C:\xampp2\php;;C:\Program Files\Java\jdk-24\bin
Check launcher:	C:\Program Files\Java\jdk-23\bin\javaw.exe (not found)
Check launcher:	C:\Program Files\ImageMagick-7.1.1-Q16-HDRI\bin\javaw.exe (not found)
Check launcher:	C:\Program Files\Common Files\Oracle\Java\javapath\bin\javaw.exe (not found)
Check launcher:	C:\Program Files (x86)\VMware\VMware Workstation\bin\bin\javaw.exe (not found)
Check launcher:	C:\Python313\Scripts\bin\javaw.exe (not found)
Check launcher:	C:\Python313\bin\javaw.exe (not found)
Check launcher:	C:\Program Files (x86)\Common Files\Intel\Shared Libraries\redist\intel64\compiler\bin\javaw.exe (not found)
Check launcher:	C:\WINDOWS\system32\bin\javaw.exe (not found)
Check launcher:	C:\WINDOWS\bin\javaw.exe (not found)
Check launcher:	C:\WINDOWS\System32\Wbem\bin\javaw.exe (not found)
Check launcher:	C:\WINDOWS\System32\WindowsPowerShell\v1.0\bin\javaw.exe (not found)
Check launcher:	C:\WINDOWS\System32\OpenSSH\bin\javaw.exe (not found)
Check launcher:	C:\Program Files\Git\cmd\bin\javaw.exe (not found)
Check launcher:	C:\Users\ASUS VIVO\AppData\Local\Programs\Python\Python312\bin\javaw.exe (not found)
Check launcher:	C:\Users\ASUS VIVO\AppData\Local\Programs\Python\Python312\Scripts\bin\javaw.exe (not found)
Check launcher:	C:\xampp\mysql\bin\javaw.exe (not found)
Check launcher:	C:\ProgramData\chocolatey\bin\javaw.exe (not found)
Check launcher:	C:\Program Files\Java\jdk-23\bin\javaw.exe (not found)
Check launcher:	C:\Program Files\nodejs\bin\javaw.exe (not found)
Check launcher:	C:\composer\bin\javaw.exe (not found)
Check launcher:	C:\Program Files\gs\gs10.05.1\bin\javaw.exe (not found)
Check launcher:	C:\Users\ASUS VIVO\AppData\Local\Programs\Python\Python312\Scripts\bin\javaw.exe (not found)
Check launcher:	C:\Users\ASUS VIVO\AppData\Local\Programs\Python\Python312\bin\javaw.exe (not found)
Check launcher:	C:\Users\ASUS VIVO\AppData\Local\Programs\Python\Launcher\bin\javaw.exe (not found)
Check launcher:	C:\Users\ASUS VIVO\AppData\Local\Microsoft\WindowsApps\bin\javaw.exe (not found)
Check launcher:	C:\Users\ASUS VIVO\AppData\Local\Programs\Microsoft VS Code\bin\javaw.exe (not found)
Check launcher:	C:\msys64\mingw64\bin\javaw.exe (not found)
Check launcher:	C:\Program Files\nodejs\npm\bin\javaw.exe (not found)
Check launcher:	C:\Program Files\nodejs\npm.cmd\bin\javaw.exe (not found)
Check launcher:	C:\Users\ASUS VIVO\AppData\Roaming\npm\bin\javaw.exe (not found)
Check launcher:	C:\Users\ASUS VIVO\AppData\Roaming\Composer\vendor\bin\javaw.exe (not found)
Check launcher:	C:\xampp\mysql\bin\javaw.exe (not found)
Check launcher:	C:\Program Files\gs\gs10.05.1\bin\javaw.exe (not found)
Check launcher:	C:\Program Files\ImageMagick-7.1.1-Q16-HDRI\bin\javaw.exe (not found)
Check launcher:	C:\xampp2\php\bin\javaw.exe (not found)
Check launcher:	C:\Program Files\Java\jdk-24\bin\javaw.exe (OK)
Check javac:	C:\Program Files\Java\jdk-24\bin\javac.exe (OK)
Version string: 1.024.000 / 64-Bit (OK)
Main class:	com.mycompany.tindaklanjutku.TindakLanjutKu
Add classpath:	lib\mysql-connector-j-9.2.0.jar .
Launcher:	C:\Program Files\Java\jdk-24\bin\javaw.exe
Launcher args:	-classpath "D:\KULIAH\SEMESTER_4\PBO\UAS\Apps\build\tindakLanjutku.exe;lib\mysql-connector-j-9.2.0.jar ." com.mycompany.tindaklanjutku.TindakLanjutKu
Args length:	149/32768 chars
Exit code:	0


Version:	3.50
CmdLine:	D:\KULIAH\SEMESTER_4\PBO\UAS\Apps\build\tindakLanjutku.exe --l4j-debug
JNI:		No
WOW64:		Yes
Working dir:	D:\KULIAH\SEMESTER_4\PBO\UAS\Apps\build\.
Requires JDK:	Yes
Requires 64-Bit: Yes
Java min ver:	1.008.000
Java max ver:	
Substitute:	JAVA_HOME = C:\Program Files\Java\jdk-23
Substitute:	PATH = C:\Program Files\ImageMagick-7.1.1-Q16-HDRI;;C:\Program Files\Common Files\Oracle\Java\javapath;C:\Program Files (x86)\VMware\VMware Workstation\bin\;C:\Python313\Scripts\;C:\Python313\;C:\Program Files (x86)\Common Files\Intel\Shared Libraries\redist\intel64\compiler;C:\WINDOWS\system32;C:\WINDOWS;C:\WINDOWS\System32\Wbem;C:\WINDOWS\System32\WindowsPowerShell\v1.0\;C:\WINDOWS\System32\OpenSSH\;C:\Program Files\Git\cmd;C:\Users\ASUS VIVO\AppData\Local\Programs\Python\Python312;C:\Users\ASUS VIVO\AppData\Local\Programs\Python\Python312\Scripts;C:\xampp\mysql\bin;C:\ProgramData\chocolatey\bin;C:\Program Files\Java\jdk-23;C:\Program Files\nodejs\;C:\composer;C:\Program Files\gs\gs10.05.1\bin;C:\Users\ASUS VIVO\AppData\Local\Programs\Python\Python312\Scripts\;C:\Users\ASUS VIVO\AppData\Local\Programs\Python\Python312\;C:\Users\ASUS VIVO\AppData\Local\Programs\Python\Launcher\;C:\Users\ASUS VIVO\AppData\Local\Microsoft\WindowsApps;C:\Users\ASUS VIVO\AppData\Local\Programs\Microsoft VS Code\bin;C:\msys64\mingw64\bin;C:\Program Files\nodejs\npm;C:\Program Files\nodejs\npm.cmd;C:\Users\ASUS VIVO\AppData\Roaming\npm;C:\Users\ASUS VIVO\AppData\Roaming\Composer\vendor\bin;C:\xampp\mysql\bin;C:\Program Files\gs\gs10.05.1\bin;C:\Program Files\ImageMagick-7.1.1-Q16-HDRI;C:\xampp2\php;;C:\Program Files\Java\jdk-24\bin
JRE paths:	C:\Program Files\Java\jdk-23;C:\Program Files\ImageMagick-7.1.1-Q16-HDRI;;C:\Program Files\Common Files\Oracle\Java\javapath;C:\Program Files (x86)\VMware\VMware Workstation\bin\;C:\Python313\Scripts\;C:\Python313\;C:\Program Files (x86)\Common Files\Intel\Shared Libraries\redist\intel64\compiler;C:\WINDOWS\system32;C:\WINDOWS;C:\WINDOWS\System32\Wbem;C:\WINDOWS\System32\WindowsPowerShell\v1.0\;C:\WINDOWS\System32\OpenSSH\;C:\Program Files\Git\cmd;C:\Users\ASUS VIVO\AppData\Local\Programs\Python\Python312;C:\Users\ASUS VIVO\AppData\Local\Programs\Python\Python312\Scripts;C:\xampp\mysql\bin;C:\ProgramData\chocolatey\bin;C:\Program Files\Java\jdk-23;C:\Program Files\nodejs\;C:\composer;C:\Program Files\gs\gs10.05.1\bin;C:\Users\ASUS VIVO\AppData\Local\Programs\Python\Python312\Scripts\;C:\Users\ASUS VIVO\AppData\Local\Programs\Python\Python312\;C:\Users\ASUS VIVO\AppData\Local\Programs\Python\Launcher\;C:\Users\ASUS VIVO\AppData\Local\Microsoft\WindowsApps;C:\Users\ASUS VIVO\AppData\Local\Programs\Microsoft VS Code\bin;C:\msys64\mingw64\bin;C:\Program Files\nodejs\npm;C:\Program Files\nodejs\npm.cmd;C:\Users\ASUS VIVO\AppData\Roaming\npm;C:\Users\ASUS VIVO\AppData\Roaming\Composer\vendor\bin;C:\xampp\mysql\bin;C:\Program Files\gs\gs10.05.1\bin;C:\Program Files\ImageMagick-7.1.1-Q16-HDRI;C:\xampp2\php;;C:\Program Files\Java\jdk-24\bin
Check launcher:	C:\Program Files\Java\jdk-23\bin\javaw.exe (not found)
Check launcher:	C:\Program Files\ImageMagick-7.1.1-Q16-HDRI\bin\javaw.exe (not found)
Check launcher:	C:\Program Files\Common Files\Oracle\Java\javapath\bin\javaw.exe (not found)
Check launcher:	C:\Program Files (x86)\VMware\VMware Workstation\bin\bin\javaw.exe (not found)
Check launcher:	C:\Python313\Scripts\bin\javaw.exe (not found)
Check launcher:	C:\Python313\bin\javaw.exe (not found)
Check launcher:	C:\Program Files (x86)\Common Files\Intel\Shared Libraries\redist\intel64\compiler\bin\javaw.exe (not found)
Check launcher:	C:\WINDOWS\system32\bin\javaw.exe (not found)
Check launcher:	C:\WINDOWS\bin\javaw.exe (not found)
Check launcher:	C:\WINDOWS\System32\Wbem\bin\javaw.exe (not found)
Check launcher:	C:\WINDOWS\System32\WindowsPowerShell\v1.0\bin\javaw.exe (not found)
Check launcher:	C:\WINDOWS\System32\OpenSSH\bin\javaw.exe (not found)
Check launcher:	C:\Program Files\Git\cmd\bin\javaw.exe (not found)
Check launcher:	C:\Users\ASUS VIVO\AppData\Local\Programs\Python\Python312\bin\javaw.exe (not found)
Check launcher:	C:\Users\ASUS VIVO\AppData\Local\Programs\Python\Python312\Scripts\bin\javaw.exe (not found)
Check launcher:	C:\xampp\mysql\bin\javaw.exe (not found)
Check launcher:	C:\ProgramData\chocolatey\bin\javaw.exe (not found)
Check launcher:	C:\Program Files\Java\jdk-23\bin\javaw.exe (not found)
Check launcher:	C:\Program Files\nodejs\bin\javaw.exe (not found)
Check launcher:	C:\composer\bin\javaw.exe (not found)
Check launcher:	C:\Program Files\gs\gs10.05.1\bin\javaw.exe (not found)
Check launcher:	C:\Users\ASUS VIVO\AppData\Local\Programs\Python\Python312\Scripts\bin\javaw.exe (not found)
Check launcher:	C:\Users\ASUS VIVO\AppData\Local\Programs\Python\Python312\bin\javaw.exe (not found)
Check launcher:	C:\Users\ASUS VIVO\AppData\Local\Programs\Python\Launcher\bin\javaw.exe (not found)
Check launcher:	C:\Users\ASUS VIVO\AppData\Local\Microsoft\WindowsApps\bin\javaw.exe (not found)
Check launcher:	C:\Users\ASUS VIVO\AppData\Local\Programs\Microsoft VS Code\bin\javaw.exe (not found)
Check launcher:	C:\msys64\mingw64\bin\javaw.exe (not found)
Check launcher:	C:\Program Files\nodejs\npm\bin\javaw.exe (not found)
Check launcher:	C:\Program Files\nodejs\npm.cmd\bin\javaw.exe (not found)
Check launcher:	C:\Users\ASUS VIVO\AppData\Roaming\npm\bin\javaw.exe (not found)
Check launcher:	C:\Users\ASUS VIVO\AppData\Roaming\Composer\vendor\bin\javaw.exe (not found)
Check launcher:	C:\xampp\mysql\bin\javaw.exe (not found)
Check launcher:	C:\Program Files\gs\gs10.05.1\bin\javaw.exe (not found)
Check launcher:	C:\Program Files\ImageMagick-7.1.1-Q16-HDRI\bin\javaw.exe (not found)
Check launcher:	C:\xampp2\php\bin\javaw.exe (not found)
Check launcher:	C:\Program Files\Java\jdk-24\bin\javaw.exe (OK)
Check javac:	C:\Program Files\Java\jdk-24\bin\javac.exe (OK)
Version string: 1.024.000 / 64-Bit (OK)
Main class:	com.mycompany.tindaklanjutku.TindakLanjutKu
Add classpath:	lib\mysql-connector-j-9.2.0.jar
Launcher:	C:\Program Files\Java\jdk-24\bin\javaw.exe
Launcher args:	-classpath "D:\KULIAH\SEMESTER_4\PBO\UAS\Apps\build\tindakLanjutku.exe;lib\mysql-connector-j-9.2.0.jar" com.mycompany.tindaklanjutku.TindakLanjutKu
Args length:	147/32768 chars
Exit code:	0


Version:	3.50
CmdLine:	D:\KULIAH\SEMESTER_4\PBO\UAS\Apps\build\tindakLanjutku.exe --l4j-debug
JNI:		No
WOW64:		Yes
Working dir:	D:\KULIAH\SEMESTER_4\PBO\UAS\Apps\build\.
Requires JDK:	Yes
Requires 64-Bit: Yes
Java min ver:	1.008.000
Java max ver:	
Substitute:	JAVA_HOME = C:\Program Files\Java\jdk-23
Substitute:	PATH = C:\Program Files\ImageMagick-7.1.1-Q16-HDRI;;C:\Program Files\Common Files\Oracle\Java\javapath;C:\Program Files (x86)\VMware\VMware Workstation\bin\;C:\Python313\Scripts\;C:\Python313\;C:\Program Files (x86)\Common Files\Intel\Shared Libraries\redist\intel64\compiler;C:\WINDOWS\system32;C:\WINDOWS;C:\WINDOWS\System32\Wbem;C:\WINDOWS\System32\WindowsPowerShell\v1.0\;C:\WINDOWS\System32\OpenSSH\;C:\Program Files\Git\cmd;C:\Users\ASUS VIVO\AppData\Local\Programs\Python\Python312;C:\Users\ASUS VIVO\AppData\Local\Programs\Python\Python312\Scripts;C:\xampp\mysql\bin;C:\ProgramData\chocolatey\bin;C:\Program Files\Java\jdk-23;C:\Program Files\nodejs\;C:\composer;C:\Program Files\gs\gs10.05.1\bin;C:\Users\ASUS VIVO\AppData\Local\Programs\Python\Python312\Scripts\;C:\Users\ASUS VIVO\AppData\Local\Programs\Python\Python312\;C:\Users\ASUS VIVO\AppData\Local\Programs\Python\Launcher\;C:\Users\ASUS VIVO\AppData\Local\Microsoft\WindowsApps;C:\Users\ASUS VIVO\AppData\Local\Programs\Microsoft VS Code\bin;C:\msys64\mingw64\bin;C:\Program Files\nodejs\npm;C:\Program Files\nodejs\npm.cmd;C:\Users\ASUS VIVO\AppData\Roaming\npm;C:\Users\ASUS VIVO\AppData\Roaming\Composer\vendor\bin;C:\xampp\mysql\bin;C:\Program Files\gs\gs10.05.1\bin;C:\Program Files\ImageMagick-7.1.1-Q16-HDRI;C:\xampp2\php;;C:\Program Files\Java\jdk-24\bin
JRE paths:	C:\Program Files\Java\jdk-23;C:\Program Files\ImageMagick-7.1.1-Q16-HDRI;;C:\Program Files\Common Files\Oracle\Java\javapath;C:\Program Files (x86)\VMware\VMware Workstation\bin\;C:\Python313\Scripts\;C:\Python313\;C:\Program Files (x86)\Common Files\Intel\Shared Libraries\redist\intel64\compiler;C:\WINDOWS\system32;C:\WINDOWS;C:\WINDOWS\System32\Wbem;C:\WINDOWS\System32\WindowsPowerShell\v1.0\;C:\WINDOWS\System32\OpenSSH\;C:\Program Files\Git\cmd;C:\Users\ASUS VIVO\AppData\Local\Programs\Python\Python312;C:\Users\ASUS VIVO\AppData\Local\Programs\Python\Python312\Scripts;C:\xampp\mysql\bin;C:\ProgramData\chocolatey\bin;C:\Program Files\Java\jdk-23;C:\Program Files\nodejs\;C:\composer;C:\Program Files\gs\gs10.05.1\bin;C:\Users\ASUS VIVO\AppData\Local\Programs\Python\Python312\Scripts\;C:\Users\ASUS VIVO\AppData\Local\Programs\Python\Python312\;C:\Users\ASUS VIVO\AppData\Local\Programs\Python\Launcher\;C:\Users\ASUS VIVO\AppData\Local\Microsoft\WindowsApps;C:\Users\ASUS VIVO\AppData\Local\Programs\Microsoft VS Code\bin;C:\msys64\mingw64\bin;C:\Program Files\nodejs\npm;C:\Program Files\nodejs\npm.cmd;C:\Users\ASUS VIVO\AppData\Roaming\npm;C:\Users\ASUS VIVO\AppData\Roaming\Composer\vendor\bin;C:\xampp\mysql\bin;C:\Program Files\gs\gs10.05.1\bin;C:\Program Files\ImageMagick-7.1.1-Q16-HDRI;C:\xampp2\php;;C:\Program Files\Java\jdk-24\bin
Check launcher:	C:\Program Files\Java\jdk-23\bin\javaw.exe (not found)
Check launcher:	C:\Program Files\ImageMagick-7.1.1-Q16-HDRI\bin\javaw.exe (not found)
Check launcher:	C:\Program Files\Common Files\Oracle\Java\javapath\bin\javaw.exe (not found)
Check launcher:	C:\Program Files (x86)\VMware\VMware Workstation\bin\bin\javaw.exe (not found)
Check launcher:	C:\Python313\Scripts\bin\javaw.exe (not found)
Check launcher:	C:\Python313\bin\javaw.exe (not found)
Check launcher:	C:\Program Files (x86)\Common Files\Intel\Shared Libraries\redist\intel64\compiler\bin\javaw.exe (not found)
Check launcher:	C:\WINDOWS\system32\bin\javaw.exe (not found)
Check launcher:	C:\WINDOWS\bin\javaw.exe (not found)
Check launcher:	C:\WINDOWS\System32\Wbem\bin\javaw.exe (not found)
Check launcher:	C:\WINDOWS\System32\WindowsPowerShell\v1.0\bin\javaw.exe (not found)
Check launcher:	C:\WINDOWS\System32\OpenSSH\bin\javaw.exe (not found)
Check launcher:	C:\Program Files\Git\cmd\bin\javaw.exe (not found)
Check launcher:	C:\Users\ASUS VIVO\AppData\Local\Programs\Python\Python312\bin\javaw.exe (not found)
Check launcher:	C:\Users\ASUS VIVO\AppData\Local\Programs\Python\Python312\Scripts\bin\javaw.exe (not found)
Check launcher:	C:\xampp\mysql\bin\javaw.exe (not found)
Check launcher:	C:\ProgramData\chocolatey\bin\javaw.exe (not found)
Check launcher:	C:\Program Files\Java\jdk-23\bin\javaw.exe (not found)
Check launcher:	C:\Program Files\nodejs\bin\javaw.exe (not found)
Check launcher:	C:\composer\bin\javaw.exe (not found)
Check launcher:	C:\Program Files\gs\gs10.05.1\bin\javaw.exe (not found)
Check launcher:	C:\Users\ASUS VIVO\AppData\Local\Programs\Python\Python312\Scripts\bin\javaw.exe (not found)
Check launcher:	C:\Users\ASUS VIVO\AppData\Local\Programs\Python\Python312\bin\javaw.exe (not found)
Check launcher:	C:\Users\ASUS VIVO\AppData\Local\Programs\Python\Launcher\bin\javaw.exe (not found)
Check launcher:	C:\Users\ASUS VIVO\AppData\Local\Microsoft\WindowsApps\bin\javaw.exe (not found)
Check launcher:	C:\Users\ASUS VIVO\AppData\Local\Programs\Microsoft VS Code\bin\javaw.exe (not found)
Check launcher:	C:\msys64\mingw64\bin\javaw.exe (not found)
Check launcher:	C:\Program Files\nodejs\npm\bin\javaw.exe (not found)
Check launcher:	C:\Program Files\nodejs\npm.cmd\bin\javaw.exe (not found)
Check launcher:	C:\Users\ASUS VIVO\AppData\Roaming\npm\bin\javaw.exe (not found)
Check launcher:	C:\Users\ASUS VIVO\AppData\Roaming\Composer\vendor\bin\javaw.exe (not found)
Check launcher:	C:\xampp\mysql\bin\javaw.exe (not found)
Check launcher:	C:\Program Files\gs\gs10.05.1\bin\javaw.exe (not found)
Check launcher:	C:\Program Files\ImageMagick-7.1.1-Q16-HDRI\bin\javaw.exe (not found)
Check launcher:	C:\xampp2\php\bin\javaw.exe (not found)
Check launcher:	C:\Program Files\Java\jdk-24\bin\javaw.exe (OK)
Check javac:	C:\Program Files\Java\jdk-24\bin\javac.exe (OK)
Version string: 1.024.000 / 64-Bit (OK)
Main class:	com.mycompany.tindaklanjutku.TindakLanjutKu
Add classpath:	D:\KULIAH\SEMESTER_4\PBO\UAS\Apps\lib\mysql-connector-j-9.2.0.jar
Launcher:	C:\Program Files\Java\jdk-24\bin\javaw.exe
Launcher args:	-classpath "D:\KULIAH\SEMESTER_4\PBO\UAS\Apps\build\tindakLanjutku.exe;D:\KULIAH\SEMESTER_4\PBO\UAS\Apps\lib\mysql-connector-j-9.2.0.jar" com.mycompany.tindaklanjutku.TindakLanjutKu
Args length:	181/32768 chars
Exit code:	0


Version:	3.50
CmdLine:	D:\KULIAH\SEMESTER_4\PBO\UAS\Apps\build\tindakLanjutku.exe --l4j-debug
JNI:		No
WOW64:		Yes
Working dir:	D:\KULIAH\SEMESTER_4\PBO\UAS\Apps\build\.
Requires JDK:	Yes
Requires 64-Bit: Yes
Java min ver:	1.008.000
Java max ver:	
Substitute:	JAVA_HOME = C:\Program Files\Java\jdk-23
Substitute:	PATH = C:\Program Files\ImageMagick-7.1.1-Q16-HDRI;;C:\Program Files\Common Files\Oracle\Java\javapath;C:\Program Files (x86)\VMware\VMware Workstation\bin\;C:\Python313\Scripts\;C:\Python313\;C:\Program Files (x86)\Common Files\Intel\Shared Libraries\redist\intel64\compiler;C:\WINDOWS\system32;C:\WINDOWS;C:\WINDOWS\System32\Wbem;C:\WINDOWS\System32\WindowsPowerShell\v1.0\;C:\WINDOWS\System32\OpenSSH\;C:\Program Files\Git\cmd;C:\Users\ASUS VIVO\AppData\Local\Programs\Python\Python312;C:\Users\ASUS VIVO\AppData\Local\Programs\Python\Python312\Scripts;C:\xampp\mysql\bin;C:\ProgramData\chocolatey\bin;C:\Program Files\Java\jdk-23;C:\Program Files\nodejs\;C:\composer;C:\Program Files\gs\gs10.05.1\bin;C:\Users\ASUS VIVO\AppData\Local\Programs\Python\Python312\Scripts\;C:\Users\ASUS VIVO\AppData\Local\Programs\Python\Python312\;C:\Users\ASUS VIVO\AppData\Local\Programs\Python\Launcher\;C:\Users\ASUS VIVO\AppData\Local\Microsoft\WindowsApps;C:\Users\ASUS VIVO\AppData\Local\Programs\Microsoft VS Code\bin;C:\msys64\mingw64\bin;C:\Program Files\nodejs\npm;C:\Program Files\nodejs\npm.cmd;C:\Users\ASUS VIVO\AppData\Roaming\npm;C:\Users\ASUS VIVO\AppData\Roaming\Composer\vendor\bin;C:\xampp\mysql\bin;C:\Program Files\gs\gs10.05.1\bin;C:\Program Files\ImageMagick-7.1.1-Q16-HDRI;C:\xampp2\php;;C:\Program Files\Java\jdk-24\bin
JRE paths:	C:\Program Files\Java\jdk-23;C:\Program Files\ImageMagick-7.1.1-Q16-HDRI;;C:\Program Files\Common Files\Oracle\Java\javapath;C:\Program Files (x86)\VMware\VMware Workstation\bin\;C:\Python313\Scripts\;C:\Python313\;C:\Program Files (x86)\Common Files\Intel\Shared Libraries\redist\intel64\compiler;C:\WINDOWS\system32;C:\WINDOWS;C:\WINDOWS\System32\Wbem;C:\WINDOWS\System32\WindowsPowerShell\v1.0\;C:\WINDOWS\System32\OpenSSH\;C:\Program Files\Git\cmd;C:\Users\ASUS VIVO\AppData\Local\Programs\Python\Python312;C:\Users\ASUS VIVO\AppData\Local\Programs\Python\Python312\Scripts;C:\xampp\mysql\bin;C:\ProgramData\chocolatey\bin;C:\Program Files\Java\jdk-23;C:\Program Files\nodejs\;C:\composer;C:\Program Files\gs\gs10.05.1\bin;C:\Users\ASUS VIVO\AppData\Local\Programs\Python\Python312\Scripts\;C:\Users\ASUS VIVO\AppData\Local\Programs\Python\Python312\;C:\Users\ASUS VIVO\AppData\Local\Programs\Python\Launcher\;C:\Users\ASUS VIVO\AppData\Local\Microsoft\WindowsApps;C:\Users\ASUS VIVO\AppData\Local\Programs\Microsoft VS Code\bin;C:\msys64\mingw64\bin;C:\Program Files\nodejs\npm;C:\Program Files\nodejs\npm.cmd;C:\Users\ASUS VIVO\AppData\Roaming\npm;C:\Users\ASUS VIVO\AppData\Roaming\Composer\vendor\bin;C:\xampp\mysql\bin;C:\Program Files\gs\gs10.05.1\bin;C:\Program Files\ImageMagick-7.1.1-Q16-HDRI;C:\xampp2\php;;C:\Program Files\Java\jdk-24\bin
Check launcher:	C:\Program Files\Java\jdk-23\bin\javaw.exe (not found)
Check launcher:	C:\Program Files\ImageMagick-7.1.1-Q16-HDRI\bin\javaw.exe (not found)
Check launcher:	C:\Program Files\Common Files\Oracle\Java\javapath\bin\javaw.exe (not found)
Check launcher:	C:\Program Files (x86)\VMware\VMware Workstation\bin\bin\javaw.exe (not found)
Check launcher:	C:\Python313\Scripts\bin\javaw.exe (not found)
Check launcher:	C:\Python313\bin\javaw.exe (not found)
Check launcher:	C:\Program Files (x86)\Common Files\Intel\Shared Libraries\redist\intel64\compiler\bin\javaw.exe (not found)
Check launcher:	C:\WINDOWS\system32\bin\javaw.exe (not found)
Check launcher:	C:\WINDOWS\bin\javaw.exe (not found)
Check launcher:	C:\WINDOWS\System32\Wbem\bin\javaw.exe (not found)
Check launcher:	C:\WINDOWS\System32\WindowsPowerShell\v1.0\bin\javaw.exe (not found)
Check launcher:	C:\WINDOWS\System32\OpenSSH\bin\javaw.exe (not found)
Check launcher:	C:\Program Files\Git\cmd\bin\javaw.exe (not found)
Check launcher:	C:\Users\ASUS VIVO\AppData\Local\Programs\Python\Python312\bin\javaw.exe (not found)
Check launcher:	C:\Users\ASUS VIVO\AppData\Local\Programs\Python\Python312\Scripts\bin\javaw.exe (not found)
Check launcher:	C:\xampp\mysql\bin\javaw.exe (not found)
Check launcher:	C:\ProgramData\chocolatey\bin\javaw.exe (not found)
Check launcher:	C:\Program Files\Java\jdk-23\bin\javaw.exe (not found)
Check launcher:	C:\Program Files\nodejs\bin\javaw.exe (not found)
Check launcher:	C:\composer\bin\javaw.exe (not found)
Check launcher:	C:\Program Files\gs\gs10.05.1\bin\javaw.exe (not found)
Check launcher:	C:\Users\ASUS VIVO\AppData\Local\Programs\Python\Python312\Scripts\bin\javaw.exe (not found)
Check launcher:	C:\Users\ASUS VIVO\AppData\Local\Programs\Python\Python312\bin\javaw.exe (not found)
Check launcher:	C:\Users\ASUS VIVO\AppData\Local\Programs\Python\Launcher\bin\javaw.exe (not found)
Check launcher:	C:\Users\ASUS VIVO\AppData\Local\Microsoft\WindowsApps\bin\javaw.exe (not found)
Check launcher:	C:\Users\ASUS VIVO\AppData\Local\Programs\Microsoft VS Code\bin\javaw.exe (not found)
Check launcher:	C:\msys64\mingw64\bin\javaw.exe (not found)
Check launcher:	C:\Program Files\nodejs\npm\bin\javaw.exe (not found)
Check launcher:	C:\Program Files\nodejs\npm.cmd\bin\javaw.exe (not found)
Check launcher:	C:\Users\ASUS VIVO\AppData\Roaming\npm\bin\javaw.exe (not found)
Check launcher:	C:\Users\ASUS VIVO\AppData\Roaming\Composer\vendor\bin\javaw.exe (not found)
Check launcher:	C:\xampp\mysql\bin\javaw.exe (not found)
Check launcher:	C:\Program Files\gs\gs10.05.1\bin\javaw.exe (not found)
Check launcher:	C:\Program Files\ImageMagick-7.1.1-Q16-HDRI\bin\javaw.exe (not found)
Check launcher:	C:\xampp2\php\bin\javaw.exe (not found)
Check launcher:	C:\Program Files\Java\jdk-24\bin\javaw.exe (OK)
Check javac:	C:\Program Files\Java\jdk-24\bin\javac.exe (OK)
Version string: 1.024.000 / 64-Bit (OK)
Main class:	com.mycompany.tindaklanjutku.TindakLanjutKu
Add classpath:	D:\KULIAH\SEMESTER_4\PBO\UAS\Apps\lib\mysql-connector-j-9.2.0.jar
Add classpath:	D:\KULIAH\SEMESTER_4\PBO\UAS\Apps\lib\jbcrypt-0.4.jar
Launcher:	C:\Program Files\Java\jdk-24\bin\javaw.exe
Launcher args:	-classpath "D:\KULIAH\SEMESTER_4\PBO\UAS\Apps\build\tindakLanjutku.exe;D:\KULIAH\SEMESTER_4\PBO\UAS\Apps\lib\mysql-connector-j-9.2.0.jar;D:\KULIAH\SEMESTER_4\PBO\UAS\Apps\lib\jbcrypt-0.4.jar" com.mycompany.tindaklanjutku.TindakLanjutKu
Args length:	235/32768 chars
Exit code:	0
